<?xml version="1.0" encoding="UTF-8"?>
<!-- Generated by org.testng.reporters.JUnitReportReporter -->
<testsuite hostname="HP-ProBook-6570b" name="TestRunner" tests="1" failures="0" timestamp="18 Jul 2018 09:16:43 GMT" time="60.372" errors="0">
  <testcase name="feature" time="60.372" classname="TestRunner"/>
</testsuite> <!-- TestRunner -->
